C:\USERS\ETHAN\DOCUMENTS\VISUAL STUDIO 2010\PROJECTS\SGP\LABRYNITH_CORE\DEBUG\LABRYNITH_CORE.EXE
C:\USERS\ETHAN\DOCUMENTS\VISUAL STUDIO 2010\PROJECTS\SGP\LABRYNITH_CORE\DEBUG\LABRYNITH_CORE.ILK
C:\USERS\ETHAN\DOCUMENTS\VISUAL STUDIO 2010\PROJECTS\SGP\LABRYNITH_CORE\DEBUG\LABRYNITH_CORE.PDB
C:\USERS\ETHAN\DOCUMENTS\VISUAL STUDIO 2010\PROJECTS\SGP\LABRYNITH_CORE\LABRYNITH_CORE\DEBUG\CGAME.OBJ
C:\USERS\ETHAN\DOCUMENTS\VISUAL STUDIO 2010\PROJECTS\SGP\LABRYNITH_CORE\LABRYNITH_CORE\DEBUG\CGAMEPLAYSTATE.OBJ
C:\Users\Ethan\Documents\Visual Studio 2010\Projects\SGP\Labrynith_Core\Labrynith_Core\Debug\cl.command.1.tlog
C:\Users\Ethan\Documents\Visual Studio 2010\Projects\SGP\Labrynith_Core\Labrynith_Core\Debug\CL.read.1.tlog
C:\Users\Ethan\Documents\Visual Studio 2010\Projects\SGP\Labrynith_Core\Labrynith_Core\Debug\CL.write.1.tlog
C:\USERS\ETHAN\DOCUMENTS\VISUAL STUDIO 2010\PROJECTS\SGP\LABRYNITH_CORE\LABRYNITH_CORE\DEBUG\CMAINMENUSTATE.OBJ
C:\USERS\ETHAN\DOCUMENTS\VISUAL STUDIO 2010\PROJECTS\SGP\LABRYNITH_CORE\LABRYNITH_CORE\DEBUG\CSGD_DIRECT3D.OBJ
C:\USERS\ETHAN\DOCUMENTS\VISUAL STUDIO 2010\PROJECTS\SGP\LABRYNITH_CORE\LABRYNITH_CORE\DEBUG\CSGD_DIRECTINPUT.OBJ
C:\USERS\ETHAN\DOCUMENTS\VISUAL STUDIO 2010\PROJECTS\SGP\LABRYNITH_CORE\LABRYNITH_CORE\DEBUG\CSGD_TEXTUREMANAGER.OBJ
C:\USERS\ETHAN\DOCUMENTS\VISUAL STUDIO 2010\PROJECTS\SGP\LABRYNITH_CORE\LABRYNITH_CORE\DEBUG\LABRYNITH_CORE.EXE.EMBED.MANIFEST
C:\USERS\ETHAN\DOCUMENTS\VISUAL STUDIO 2010\PROJECTS\SGP\LABRYNITH_CORE\LABRYNITH_CORE\DEBUG\LABRYNITH_CORE.EXE.EMBED.MANIFEST.RES
C:\USERS\ETHAN\DOCUMENTS\VISUAL STUDIO 2010\PROJECTS\SGP\LABRYNITH_CORE\LABRYNITH_CORE\DEBUG\LABRYNITH_CORE.EXE.INTERMEDIATE.MANIFEST
C:\Users\Ethan\Documents\Visual Studio 2010\Projects\SGP\Labrynith_Core\Labrynith_Core\Debug\Labrynith_Core_manifest.rc
C:\Users\Ethan\Documents\Visual Studio 2010\Projects\SGP\Labrynith_Core\Labrynith_Core\Debug\link.4752.read.1.tlog
C:\Users\Ethan\Documents\Visual Studio 2010\Projects\SGP\Labrynith_Core\Labrynith_Core\Debug\link.4752.write.1.tlog
C:\Users\Ethan\Documents\Visual Studio 2010\Projects\SGP\Labrynith_Core\Labrynith_Core\Debug\link.4752-cvtres.read.1.tlog
C:\Users\Ethan\Documents\Visual Studio 2010\Projects\SGP\Labrynith_Core\Labrynith_Core\Debug\link.4752-cvtres.write.1.tlog
C:\Users\Ethan\Documents\Visual Studio 2010\Projects\SGP\Labrynith_Core\Labrynith_Core\Debug\link.5564.read.1.tlog
C:\Users\Ethan\Documents\Visual Studio 2010\Projects\SGP\Labrynith_Core\Labrynith_Core\Debug\link.5564.write.1.tlog
C:\Users\Ethan\Documents\Visual Studio 2010\Projects\SGP\Labrynith_Core\Labrynith_Core\Debug\link.5564-cvtres.read.1.tlog
C:\Users\Ethan\Documents\Visual Studio 2010\Projects\SGP\Labrynith_Core\Labrynith_Core\Debug\link.5564-cvtres.write.1.tlog
C:\Users\Ethan\Documents\Visual Studio 2010\Projects\SGP\Labrynith_Core\Labrynith_Core\Debug\link.5684.read.1.tlog
C:\Users\Ethan\Documents\Visual Studio 2010\Projects\SGP\Labrynith_Core\Labrynith_Core\Debug\link.5684.write.1.tlog
C:\Users\Ethan\Documents\Visual Studio 2010\Projects\SGP\Labrynith_Core\Labrynith_Core\Debug\link.5684-cvtres.read.1.tlog
C:\Users\Ethan\Documents\Visual Studio 2010\Projects\SGP\Labrynith_Core\Labrynith_Core\Debug\link.5684-cvtres.write.1.tlog
C:\Users\Ethan\Documents\Visual Studio 2010\Projects\SGP\Labrynith_Core\Labrynith_Core\Debug\link.5960.read.1.tlog
C:\Users\Ethan\Documents\Visual Studio 2010\Projects\SGP\Labrynith_Core\Labrynith_Core\Debug\link.5960.write.1.tlog
C:\Users\Ethan\Documents\Visual Studio 2010\Projects\SGP\Labrynith_Core\Labrynith_Core\Debug\link.5960-cvtres.read.1.tlog
C:\Users\Ethan\Documents\Visual Studio 2010\Projects\SGP\Labrynith_Core\Labrynith_Core\Debug\link.5960-cvtres.write.1.tlog
C:\Users\Ethan\Documents\Visual Studio 2010\Projects\SGP\Labrynith_Core\Labrynith_Core\Debug\link.command.1.tlog
C:\Users\Ethan\Documents\Visual Studio 2010\Projects\SGP\Labrynith_Core\Labrynith_Core\Debug\link.read.1.tlog
C:\Users\Ethan\Documents\Visual Studio 2010\Projects\SGP\Labrynith_Core\Labrynith_Core\Debug\link.write.1.tlog
C:\Users\Ethan\Documents\Visual Studio 2010\Projects\SGP\Labrynith_Core\Labrynith_Core\Debug\link-cvtres.read.1.tlog
C:\Users\Ethan\Documents\Visual Studio 2010\Projects\SGP\Labrynith_Core\Labrynith_Core\Debug\link-cvtres.write.1.tlog
C:\USERS\ETHAN\DOCUMENTS\VISUAL STUDIO 2010\PROJECTS\SGP\LABRYNITH_CORE\LABRYNITH_CORE\DEBUG\MFLAKE.OBJ
C:\USERS\ETHAN\DOCUMENTS\VISUAL STUDIO 2010\PROJECTS\SGP\LABRYNITH_CORE\LABRYNITH_CORE\DEBUG\MLAYER.OBJ
C:\USERS\ETHAN\DOCUMENTS\VISUAL STUDIO 2010\PROJECTS\SGP\LABRYNITH_CORE\LABRYNITH_CORE\DEBUG\MOBJECTMANAGER.OBJ
C:\Users\Ethan\Documents\Visual Studio 2010\Projects\SGP\Labrynith_Core\Labrynith_Core\Debug\mt.command.1.tlog
C:\Users\Ethan\Documents\Visual Studio 2010\Projects\SGP\Labrynith_Core\Labrynith_Core\Debug\mt.read.1.tlog
C:\Users\Ethan\Documents\Visual Studio 2010\Projects\SGP\Labrynith_Core\Labrynith_Core\Debug\mt.write.1.tlog
C:\Users\Ethan\Documents\Visual Studio 2010\Projects\SGP\Labrynith_Core\Labrynith_Core\Debug\rc.command.1.tlog
C:\Users\Ethan\Documents\Visual Studio 2010\Projects\SGP\Labrynith_Core\Labrynith_Core\Debug\rc.read.1.tlog
C:\Users\Ethan\Documents\Visual Studio 2010\Projects\SGP\Labrynith_Core\Labrynith_Core\Debug\rc.write.1.tlog
C:\Users\Ethan\Documents\Visual Studio 2010\Projects\SGP\Labrynith_Core\Labrynith_Core\Debug\vc100.idb
C:\USERS\ETHAN\DOCUMENTS\VISUAL STUDIO 2010\PROJECTS\SGP\LABRYNITH_CORE\LABRYNITH_CORE\DEBUG\VC100.PDB
C:\USERS\ETHAN\DOCUMENTS\VISUAL STUDIO 2010\PROJECTS\SGP\LABRYNITH_CORE\LABRYNITH_CORE\DEBUG\WINMAIN.OBJ
