Build started 7/18/2011 6:39:36 Dinner.
     1>Project "C:\Users\Ethan\Documents\Visual Studio 2010\Projects\SGP\Labrynith_Core\Labrynith_Core\Labrynith_Core.vcxproj" on node 2 (rebuild target(s)).
     1>_PrepareForClean:
         Deleting file "Debug\Labrynith_Core.lastbuildstate".
       InitializeBuildStatus:
         Creating "Debug\Labrynith_Core.unsuccessfulbuild" because "AlwaysCreate" was specified.
       ClCompile:
         c:\Program Files\Microsoft Visual Studio 10.0\VC\bin\CL.exe /c /ZI /nologo /W3 /WX- /Od /Oy- /D WIN32 /D _DEBUG /D _WINDOWS /D _MBCS /Gm /EHsc /RTC1 /MTd /GS /fp:precise /Zc:wchar_t /Zc:forScope /Fo"Debug\\" /Fd"Debug\vc100.pdb" /Gd /TP /analyze- /errorReport:prompt Source\CGame.cpp Source\GameStates\CGamePlayState.cpp Source\GameStates\CMainMenuState.cpp "Source\Object Manager\MFlake.cpp" "Source\Object Manager\MLayer.cpp" "Source\Object Manager\MObjectManager.cpp" Source\winmain.cpp Source\Wrappers\CSGD_Direct3D.cpp Source\Wrappers\CSGD_DirectInput.cpp Source\Wrappers\CSGD_TextureManager.cpp
         CSGD_TextureManager.cpp
         CSGD_DirectInput.cpp
         CSGD_Direct3D.cpp
         winmain.cpp
         MObjectManager.cpp
         MLayer.cpp
         MFlake.cpp
         CMainMenuState.cpp
         CGamePlayState.cpp
         CGame.cpp
         Generating Code...
       ManifestResourceCompile:
         C:\Program Files\Microsoft SDKs\Windows\v7.0A\bin\rc.exe /nologo /fo"Debug\Labrynith_Core.exe.embed.manifest.res" Debug\Labrynith_Core_manifest.rc 
       Link:
         c:\Program Files\Microsoft Visual Studio 10.0\VC\bin\link.exe /ERRORREPORT:PROMPT /OUT:"C:\Users\Ethan\Documents\Visual Studio 2010\Projects\SGP\Labrynith_Core\Debug\Labrynith_Core.exe" /INCREMENTAL /NOLOGO kernel32.lib user32.lib gdi32.lib winspool.lib comdlg32.lib advapi32.lib shell32.lib ole32.lib oleaut32.lib uuid.lib odbc32.lib odbccp32.lib /MANIFEST /ManifestFile:"Debug\Labrynith_Core.exe.intermediate.manifest" /MANIFESTUAC:"level='asInvoker' uiAccess='false'" /DEBUG /PDB:"C:\Users\Ethan\Documents\Visual Studio 2010\Projects\SGP\Labrynith_Core\Debug\Labrynith_Core.pdb" /SUBSYSTEM:WINDOWS /TLBID:1 /DYNAMICBASE /NXCOMPAT /IMPLIB:"C:\Users\Ethan\Documents\Visual Studio 2010\Projects\SGP\Labrynith_Core\Debug\Labrynith_Core.lib" /MACHINE:X86 Debug\Labrynith_Core.exe.embed.manifest.res
         Debug\CGame.obj
         Debug\CGamePlayState.obj
         Debug\CMainMenuState.obj
         Debug\MFlake.obj
         Debug\MLayer.obj
         Debug\MObjectManager.obj
         Debug\winmain.obj
         Debug\CSGD_Direct3D.obj
         Debug\CSGD_DirectInput.obj
         Debug\CSGD_TextureManager.obj
       Manifest:
         Deleting file "Debug\Labrynith_Core.exe.embed.manifest".
         C:\Program Files\Microsoft SDKs\Windows\v7.0A\bin\mt.exe /nologo /verbose /out:"Debug\Labrynith_Core.exe.embed.manifest" /manifest Debug\Labrynith_Core.exe.intermediate.manifest
         C:\Program Files\Microsoft SDKs\Windows\v7.0A\bin\rc.exe /nologo /fo"Debug\Labrynith_Core.exe.embed.manifest.res" Debug\Labrynith_Core_manifest.rc 
       LinkEmbedManifest:
         c:\Program Files\Microsoft Visual Studio 10.0\VC\bin\link.exe /ERRORREPORT:PROMPT /OUT:"C:\Users\Ethan\Documents\Visual Studio 2010\Projects\SGP\Labrynith_Core\Debug\Labrynith_Core.exe" /INCREMENTAL /NOLOGO kernel32.lib user32.lib gdi32.lib winspool.lib comdlg32.lib advapi32.lib shell32.lib ole32.lib oleaut32.lib uuid.lib odbc32.lib odbccp32.lib /MANIFEST /ManifestFile:"Debug\Labrynith_Core.exe.intermediate.manifest" /MANIFESTUAC:"level='asInvoker' uiAccess='false'" /DEBUG /PDB:"C:\Users\Ethan\Documents\Visual Studio 2010\Projects\SGP\Labrynith_Core\Debug\Labrynith_Core.pdb" /SUBSYSTEM:WINDOWS /TLBID:1 /DYNAMICBASE /NXCOMPAT /IMPLIB:"C:\Users\Ethan\Documents\Visual Studio 2010\Projects\SGP\Labrynith_Core\Debug\Labrynith_Core.lib" /MACHINE:X86 Debug\Labrynith_Core.exe.embed.manifest.res
         Debug\CGame.obj
         Debug\CGamePlayState.obj
         Debug\CMainMenuState.obj
         Debug\MFlake.obj
         Debug\MLayer.obj
         Debug\MObjectManager.obj
         Debug\winmain.obj
         Debug\CSGD_Direct3D.obj
         Debug\CSGD_DirectInput.obj
         Debug\CSGD_TextureManager.obj
         Labrynith_Core.vcxproj -> C:\Users\Ethan\Documents\Visual Studio 2010\Projects\SGP\Labrynith_Core\Debug\Labrynith_Core.exe
       FinalizeBuildStatus:
         Deleting file "Debug\Labrynith_Core.unsuccessfulbuild".
         Touching "Debug\Labrynith_Core.lastbuildstate".
     1>Done Building Project "C:\Users\Ethan\Documents\Visual Studio 2010\Projects\SGP\Labrynith_Core\Labrynith_Core\Labrynith_Core.vcxproj" (rebuild target(s)).

Build succeeded.

Time Elapsed 00:00:11.36
